<?xml version="1.0" encoding="UTF-8"?>
<beans xmlns:http="http://www.springframework.org/schema/security"
		xmlns="http://www.springframework.org/schema/beans"
	   xmlns:xsi="http://www.w3.org/2001/XMLSchema-instance"

			xsi:schemaLocation="http://www.springframework.org/schema/beans
           http://www.springframework.org/schema/beans/spring-beans-3.1.xsd
           http://www.springframework.org/schema/security
           http://www.springframework.org/schema/security/spring-security-3.1.xsd">

	<http:http auto-config="false" use-expressions="true" entry-point-ref="ajaxAuthenticationEntryPoint">
		<http:intercept-url pattern="/resources/**" access="permitAll" />
		<http:intercept-url pattern="/auth/**" access="permitAll" />
		<http:logout logout-url="/auth/logout" invalidate-session="true" success-handler-ref="ajaxLogoutSuccessHandler" delete-cookies="JSESSIONID" />
		<http:custom-filter ref="authenticationFilter" position="FORM_LOGIN_FILTER" />
		<http:custom-filter ref="concurrencyFilter" position="CONCURRENT_SESSION_FILTER" />
		<http:session-management session-authentication-strategy-ref="sas"/>
	</http:http>

	<bean id="ajaxAuthenticationSuccessHandler"
		class="edu.com.softserveinc.bawl.security.AjaxAuthenticationSuccessHandler"/>
	<bean id="ajaxAuthenticationFailureHandler"
		class="edu.com.softserveinc.bawl.security.AjaxAuthenticationFailureHandler"/>
	<bean id="ajaxLogoutSuccessHandler"
		class="edu.com.softserveinc.bawl.security.AjaxLogoutSuccessHandler"/>
	<bean id="ajaxAuthenticationEntryPoint"
		class="edu.com.softserveinc.bawl.security.AjaxAuthenticationEntryPoint"/>

	<bean id="authenticationFilter"
		class="org.springframework.security.web.authentication.UsernamePasswordAuthenticationFilter">
		<property name="authenticationManager" ref="authenticationManager" />
		<property name="filterProcessesUrl" value="/auth/login" />
		<property name="authenticationFailureHandler"
			ref="ajaxAuthenticationFailureHandler" />
		<property name="authenticationSuccessHandler"
			ref="ajaxAuthenticationSuccessHandler" />
		<property name="sessionAuthenticationStrategy"
			ref="sas" />
	</bean>

	<http:authentication-manager alias="authenticationManager">
		<http:authentication-provider user-service-ref="bawlUserDetailsService">
			<http:password-encoder ref="encoder" />
		</http:authentication-provider>
	</http:authentication-manager>

	<bean id="bawlUserDetailsService" class="edu.com.softserveinc.bawl.security.BawlUserDetailsService"/>
	<bean id="encoder" class="org.springframework.security.crypto.bcrypt.BCryptPasswordEncoder"/>

	<bean id="concurrencyFilter"
		class="org.springframework.security.web.session.ConcurrentSessionFilter">
		<constructor-arg name="sessionRegistry"
			ref="sessionRegistry" />
		<constructor-arg name="expiredUrl" value="/" />
	</bean>

	<bean id="sas" class="org.springframework.security.web.authentication.session.ConcurrentSessionControlStrategy">
		<constructor-arg name="sessionRegistry" ref="sessionRegistry" />
		<property name="maximumSessions" value="1" />
	</bean>

	<bean id="sessionRegistry"
		class="org.springframework.security.core.session.SessionRegistryImpl" />

</beans>